<?xml version="1.0" encoding="UTF-8"?>
<testng-results ignored="0" total="1" passed="1" failed="0" skipped="0">
  <reporter-output>
  </reporter-output>
  <suite started-at="2019-11-14T11:00:34Z" name="Default suite" finished-at="2019-11-14T11:01:06Z" duration-ms="31945">
    <groups>
    </groups>
    <test started-at="2019-11-14T11:00:34Z" name="Default test" finished-at="2019-11-14T11:01:06Z" duration-ms="31945">
      <class name="com.atmecs.NinjaStore.testscripts.HeatClinicMerchandise">
        <test-method is-config="true" signature="initializeBrowser()[pri:0, instance:com.atmecs.NinjaStore.testscripts.HeatClinicMerchandise@7334aada]" started-at="2019-11-14T11:00:34Z" name="initializeBrowser" finished-at="2019-11-14T11:00:41Z" duration-ms="6501" status="PASS">
          <reporter-output>
          </reporter-output>
        </test-method> <!-- initializeBrowser -->
        <test-method is-config="true" signature="connectToDatabase()[pri:0, instance:com.atmecs.NinjaStore.testscripts.HeatClinicMerchandise@7334aada]" started-at="2019-11-14T11:00:41Z" name="connectToDatabase" finished-at="2019-11-14T11:00:42Z" depends-on-methods="com.atmecs.NinjaStore.testbase.TestBase.initializeBrowser" duration-ms="958" status="PASS">
          <reporter-output>
          </reporter-output>
        </test-method> <!-- connectToDatabase -->
        <test-method is-config="true" signature="launchingUrl()[pri:0, instance:com.atmecs.NinjaStore.testscripts.HeatClinicMerchandise@7334aada]" started-at="2019-11-14T11:00:42Z" name="launchingUrl" finished-at="2019-11-14T11:00:52Z" duration-ms="9880" status="PASS">
          <reporter-output>
          </reporter-output>
        </test-method> <!-- launchingUrl -->
        <test-method signature="validateMenuFields(java.lang.String, java.lang.String, java.lang.String, java.lang.String, java.lang.String, java.lang.String, java.lang.String, java.lang.String, java.lang.String, java.lang.String, java.lang.String)[pri:0, instance:com.atmecs.NinjaStore.testscripts.HeatClinicMerchandise@7334aada]" started-at="2019-11-14T11:00:53Z" name="validateMenuFields" data-provider="validationdata" finished-at="2019-11-14T11:01:06Z" duration-ms="13189" status="PASS">
          <params>
            <param index="0">
              <value>
                <![CDATA[Viewing Hot Sauces (1 - 15 of 19)]]>
              </value>
            </param>
            <param index="1">
              <value>
                <![CDATA[Viewing Merchandise (1 - 6 of 6)]]>
              </value>
            </param>
            <param index="2">
              <value>
                <![CDATA[Viewing Clearance (1 - 5 of 5)]]>
              </value>
            </param>
            <param index="3">
              <value>
                <![CDATA[This is an example of a content-managed page.]]>
              </value>
            </param>
            <param index="4">
              <value>
                <![CDATA[This is an example of a content-managed page.]]>
              </value>
            </param>
            <param index="5">
              <value>
                <![CDATA[Viewing Mens (1 - 3 of 3)]]>
              </value>
            </param>
            <param index="6">
              <value>
                <![CDATA[Hawt Like a Habanero Shirt (Men's)]]>
              </value>
            </param>
            <param index="7">
              <value>
                <![CDATA[Shirt Size: M]]>
              </value>
            </param>
            <param index="8">
              <value>
                <![CDATA[Personalized Name: Shirt]]>
              </value>
            </param>
            <param index="9">
              <value>
                <![CDATA[Shirt Color: Red]]>
              </value>
            </param>
            <param index="10">
              <value>
                <![CDATA[$149.90]]>
              </value>
            </param>
          </params>
          <reporter-output>
          </reporter-output>
        </test-method> <!-- validateMenuFields -->
        <test-method is-config="true" signature="quitDriver()[pri:0, instance:com.atmecs.NinjaStore.testscripts.HeatClinicMerchandise@7334aada]" started-at="2019-11-14T11:01:06Z" name="quitDriver" finished-at="2019-11-14T11:01:07Z" duration-ms="758" status="PASS">
          <reporter-output>
          </reporter-output>
        </test-method> <!-- quitDriver -->
      </class> <!-- com.atmecs.NinjaStore.testscripts.HeatClinicMerchandise -->
    </test> <!-- Default test -->
  </suite> <!-- Default suite -->
</testng-results>
